<?xml version="1.0" encoding="UTF-8"?>
<testng-results ignored="0" total="2" passed="2" failed="0" skipped="0">
  <reporter-output>
  </reporter-output>
  <suite started-at="2023-01-09T17:36:18 IST" name="Default suite" finished-at="2023-01-09T17:36:53 IST" duration-ms="35062">
    <groups>
    </groups>
    <test started-at="2023-01-09T17:36:18 IST" name="Default test" finished-at="2023-01-09T17:36:53 IST" duration-ms="35062">
      <class name="Test_Clasess.Task_2_VerifyUser">
        <test-method is-config="true" signature="beforeClass()[pri:0, instance:Test_Clasess.Task_2_VerifyUser@70e9c95d]" started-at="2023-01-09T17:36:18 IST" name="beforeClass" finished-at="2023-01-09T17:36:34 IST" duration-ms="16028" status="PASS">
          <reporter-output>
          </reporter-output>
        </test-method> <!-- beforeClass -->
        <test-method is-config="true" signature="beforeMethod()[pri:0, instance:Test_Clasess.Task_2_VerifyUser@70e9c95d]" started-at="2023-01-09T17:36:34 IST" name="beforeMethod" finished-at="2023-01-09T17:36:34 IST" duration-ms="56" status="PASS">
          <reporter-output>
          </reporter-output>
        </test-method> <!-- beforeMethod -->
        <test-method signature="VerifyUserLogin()[pri:1, instance:Test_Clasess.Task_2_VerifyUser@70e9c95d]" started-at="2023-01-09T17:36:34 IST" name="VerifyUserLogin" finished-at="2023-01-09T17:36:47 IST" duration-ms="13326" status="PASS">
          <reporter-output>
          </reporter-output>
        </test-method> <!-- VerifyUserLogin -->
        <test-method is-config="true" signature="afterMethod(org.testng.ITestResult)[pri:0, instance:Test_Clasess.Task_2_VerifyUser@70e9c95d]" started-at="2023-01-09T17:36:47 IST" name="afterMethod" finished-at="2023-01-09T17:36:48 IST" duration-ms="24" status="PASS">
          <params>
            <param index="0">
              <value>
                <![CDATA[[TestResult name=VerifyUserLogin status=SUCCESS method=Task_2_VerifyUser.VerifyUserLogin()[pri:1, instance:Test_Clasess.Task_2_VerifyUser@70e9c95d] output={null}]]]>
              </value>
            </param>
          </params>
          <reporter-output>
          </reporter-output>
        </test-method> <!-- afterMethod -->
        <test-method is-config="true" signature="beforeMethod()[pri:0, instance:Test_Clasess.Task_2_VerifyUser@70e9c95d]" started-at="2023-01-09T17:36:48 IST" name="beforeMethod" finished-at="2023-01-09T17:36:48 IST" duration-ms="2" status="PASS">
          <reporter-output>
          </reporter-output>
        </test-method> <!-- beforeMethod -->
        <test-method signature="VerifyUser_Home()[pri:2, instance:Test_Clasess.Task_2_VerifyUser@70e9c95d]" started-at="2023-01-09T17:36:48 IST" name="VerifyUser_Home" finished-at="2023-01-09T17:36:51 IST" duration-ms="2984" status="PASS">
          <reporter-output>
          </reporter-output>
        </test-method> <!-- VerifyUser_Home -->
        <test-method is-config="true" signature="afterMethod(org.testng.ITestResult)[pri:0, instance:Test_Clasess.Task_2_VerifyUser@70e9c95d]" started-at="2023-01-09T17:36:51 IST" name="afterMethod" finished-at="2023-01-09T17:36:51 IST" duration-ms="1" status="PASS">
          <params>
            <param index="0">
              <value>
                <![CDATA[[TestResult name=VerifyUser_Home status=SUCCESS method=Task_2_VerifyUser.VerifyUser_Home()[pri:2, instance:Test_Clasess.Task_2_VerifyUser@70e9c95d] output={null}]]]>
              </value>
            </param>
          </params>
          <reporter-output>
          </reporter-output>
        </test-method> <!-- afterMethod -->
        <test-method is-config="true" signature="afterClass()[pri:0, instance:Test_Clasess.Task_2_VerifyUser@70e9c95d]" started-at="2023-01-09T17:36:51 IST" name="afterClass" finished-at="2023-01-09T17:36:53 IST" duration-ms="2567" status="PASS">
          <reporter-output>
          </reporter-output>
        </test-method> <!-- afterClass -->
      </class> <!-- Test_Clasess.Task_2_VerifyUser -->
    </test> <!-- Default test -->
  </suite> <!-- Default suite -->
</testng-results>
