<?xml version="1.0" encoding="UTF-8"?>
<testng-results ignored="0" total="2" passed="2" failed="0" skipped="0">
  <reporter-output>
  </reporter-output>
  <suite started-at="2023-01-11T17:33:52 IST" name="Default suite" finished-at="2023-01-11T17:34:52 IST" duration-ms="59772">
    <groups>
    </groups>
    <test started-at="2023-01-11T17:33:52 IST" name="Default test" finished-at="2023-01-11T17:34:52 IST" duration-ms="59772">
      <class name="Test_Clasess.Task_2_VerifyUser">
        <test-method is-config="true" signature="beforeClass()[pri:0, instance:Test_Clasess.Task_2_VerifyUser@72e5a8e]" started-at="2023-01-11T17:33:52 IST" name="beforeClass" finished-at="2023-01-11T17:34:09 IST" duration-ms="16955" status="PASS">
          <reporter-output>
          </reporter-output>
        </test-method> <!-- beforeClass -->
        <test-method is-config="true" signature="beforeMethod()[pri:0, instance:Test_Clasess.Task_2_VerifyUser@72e5a8e]" started-at="2023-01-11T17:34:09 IST" name="beforeMethod" finished-at="2023-01-11T17:34:09 IST" duration-ms="52" status="PASS">
          <reporter-output>
          </reporter-output>
        </test-method> <!-- beforeMethod -->
        <test-method signature="VerifyUserLogin()[pri:1, instance:Test_Clasess.Task_2_VerifyUser@72e5a8e]" started-at="2023-01-11T17:34:09 IST" name="VerifyUserLogin" finished-at="2023-01-11T17:34:44 IST" duration-ms="35031" status="PASS">
          <reporter-output>
          </reporter-output>
        </test-method> <!-- VerifyUserLogin -->
        <test-method is-config="true" signature="afterMethod(org.testng.ITestResult)[pri:0, instance:Test_Clasess.Task_2_VerifyUser@72e5a8e]" started-at="2023-01-11T17:34:44 IST" name="afterMethod" finished-at="2023-01-11T17:34:44 IST" duration-ms="15" status="PASS">
          <params>
            <param index="0">
              <value>
                <![CDATA[[TestResult name=VerifyUserLogin status=SUCCESS method=Task_2_VerifyUser.VerifyUserLogin()[pri:1, instance:Test_Clasess.Task_2_VerifyUser@72e5a8e] output={null}]]]>
              </value>
            </param>
          </params>
          <reporter-output>
          </reporter-output>
        </test-method> <!-- afterMethod -->
        <test-method is-config="true" signature="beforeMethod()[pri:0, instance:Test_Clasess.Task_2_VerifyUser@72e5a8e]" started-at="2023-01-11T17:34:44 IST" name="beforeMethod" finished-at="2023-01-11T17:34:44 IST" duration-ms="1" status="PASS">
          <reporter-output>
          </reporter-output>
        </test-method> <!-- beforeMethod -->
        <test-method signature="VerifyUser_Home()[pri:2, instance:Test_Clasess.Task_2_VerifyUser@72e5a8e]" started-at="2023-01-11T17:34:44 IST" name="VerifyUser_Home" finished-at="2023-01-11T17:34:51 IST" duration-ms="6383" status="PASS">
          <reporter-output>
          </reporter-output>
        </test-method> <!-- VerifyUser_Home -->
        <test-method is-config="true" signature="afterMethod(org.testng.ITestResult)[pri:0, instance:Test_Clasess.Task_2_VerifyUser@72e5a8e]" started-at="2023-01-11T17:34:51 IST" name="afterMethod" finished-at="2023-01-11T17:34:51 IST" duration-ms="0" status="PASS">
          <params>
            <param index="0">
              <value>
                <![CDATA[[TestResult name=VerifyUser_Home status=SUCCESS method=Task_2_VerifyUser.VerifyUser_Home()[pri:2, instance:Test_Clasess.Task_2_VerifyUser@72e5a8e] output={null}]]]>
              </value>
            </param>
          </params>
          <reporter-output>
          </reporter-output>
        </test-method> <!-- afterMethod -->
        <test-method is-config="true" signature="afterClass()[pri:0, instance:Test_Clasess.Task_2_VerifyUser@72e5a8e]" started-at="2023-01-11T17:34:51 IST" name="afterClass" finished-at="2023-01-11T17:34:52 IST" duration-ms="1254" status="PASS">
          <reporter-output>
          </reporter-output>
        </test-method> <!-- afterClass -->
      </class> <!-- Test_Clasess.Task_2_VerifyUser -->
    </test> <!-- Default test -->
  </suite> <!-- Default suite -->
</testng-results>
